java.lang.IllegalArgumentException: Bad escape
  java.base@17.0.6/sun.nio.fs.UnixUriUtils.fromUri(UnixUriUtils.java:88)
  java.base@17.0.6/sun.nio.fs.UnixFileSystemProvider.getPath(UnixFileSystemProvider.java:102)
  java.base@17.0.6/java.nio.file.Path.of(Path.java:203)
  java.base@17.0.6/java.nio.file.Paths.get(Paths.java:98)
  coursier.paths.CachePath.localFile(CachePath.java:50)
  coursier.cache.FileCache$.localFile0(FileCache.scala:395)
  coursier.cache.internal.Downloader.localFile(Downloader.scala:58)
  coursier.cache.internal.Downloader.downloadUrl(Downloader.scala:606)
  coursier.cache.internal.Downloader.download(Downloader.scala:688)
  coursier.cache.FileCache.download(FileCache.scala:91)
  coursier.cache.FileCache.filePerPolicy0(FileCache.scala:189)
  coursier.cache.FileCache.$anonfun$filePerPolicy$5(FileCache.scala:177)
  coursier.util.EitherT.$anonfun$flatMap$1(EitherT.scala:18)
  coursier.util.Task$.$anonfun$flatMap$extension$1(Task.scala:14)
  coursier.util.Task$.$anonfun$flatMap$extension$1$adapted(Task.scala:14)
  coursier.util.Task$.wrap(Task.scala:82)
  coursier.util.Task$.$anonfun$flatMap$2(Task.scala:14)
  scala.concurrent.impl.Promise$Transformation.run(Promise.scala:470)
  java.base@17.0.6/java.util.concurrent.ThreadPoolExecutor.runWorker(ThreadPoolExecutor.java:1136)
  java.base@17.0.6/java.util.concurrent.ThreadPoolExecutor$Worker.run(ThreadPoolExecutor.java:635)
  java.base@17.0.6/java.lang.Thread.run(Thread.java:833)
  com.oracle.svm.core.thread.PlatformThreads.threadStartRoutine(PlatformThreads.java:775)
  com.oracle.svm.core.posix.thread.PosixPlatformThreads.pthreadStartRoutine(PosixPlatformThreads.java:203)
